1000 0 1540590407 0  0
1000 0 1540590408 0  0
1000 0 1540590409 0  0
1000 0 1540590400 0  0
1000 0 1540590411 0  0
1000 0 1540590412 0  0
1000 0 1540590413 0  0
1000 0 1540590414 0  0
1000 0 1540590415 0  0
1000 0 1540590416 0  0
1000 100 1540590407 58785  0
1000 100 1540590408 263918  0
1000 100 1540590409 234927  0
1000 100 1540590400 124115  0
1000 100 1540590411 119944  0
1000 100 1540590412 744566  0
1000 100 1540590413 64190  0
1000 100 1540590414 194817  0
1000 100 1540590415 184668  0
1000 100 1540590416 62344  0
1000 500 1540590407 714746  0
1000 500 1540590408 263918  0
1000 500 1540590409 890785  1
1000 500 1540590400 1039140  0
1000 500 1540590411 1690474  1
1000 500 1540590412 744566  0
1000 500 1540590413 279099  1
1000 500 1540590414 1692084  0
1000 500 1540590415 412639  0
1000 500 1540590416 847873  1
1000 900 1540590407 714746  0
1000 900 1540590408 694614  0
1000 900 1540590409 890785  1
1000 900 1540590400 120339  1
1000 900 1540590411 1690474  1
1000 900 1540590412 826162  0
1000 900 1540590413 82103  1
1000 900 1540590414 736122  1
1000 900 1540590415 97746  1
1000 900 1540590416 847873  1
1000 1000 1540590407 0  1
1000 1000 1540590408 0  1
1000 1000 1540590409 0  1
1000 1000 1540590400 0  1
1000 1000 1540590411 0  1
1000 1000 1540590412 0  1
1000 1000 1540590413 0  1
1000 1000 1540590414 0  1
1000 1000 1540590415 0  1
1000 1000 1540590416 0  1
